La génération a démarré 2016-11-29 15:20:45.
     1>Projet "C:\Users\patsi_000\Documents\GitHub\Phenomene-Raven\TP3\Raven\Raven.vcxproj" sur le nœud 2 (Build cible(s)).
     1>Link:
         C:\Program Files (x86)\Microsoft Visual Studio 12.0\VC\bin\link.exe /ERRORREPORT:PROMPT /OUT:".\Debug/Raven.exe" /INCREMENTAL /NOLOGO kernel32.lib user32.lib gdi32.lib winspool.lib comdlg32.lib advapi32.lib shell32.lib ole32.lib oleaut32.lib uuid.lib odbc32.lib odbccp32.lib /NODEFAULTLIB:libcmt /MANIFEST /MANIFESTUAC:"level='asInvoker' uiAccess='false'" /manifest:embed /DEBUG /PDB:".\Debug/Raven.pdb" /SUBSYSTEM:WINDOWS /TLBID:1 /DYNAMICBASE:NO /IMPLIB:".\Debug\Raven.lib" /MACHINE:X86 /SAFESEH .\Debug\Script1.res
         .\Debug/Goal_FollowDodge.obj
         .\Debug/main.obj
         .\Debug/Raven_Bot.obj
         .\Debug/Raven_Bot_Team.obj
         .\Debug/Raven_Game.obj
         .\Debug/Raven_Map.obj
         .\Debug/Raven_Weapon.obj
         .\Debug/Weapon_Blaster.obj
         .\Debug/Weapon_RailGun.obj
         .\Debug/Weapon_RocketLauncher.obj
         .\Debug/Weapon_ShotGun.obj
         .\Debug/Projectile_Bolt.obj
         .\Debug/Projectile_Pellet.obj
         .\Debug/Projectile_Rocket.obj
         .\Debug/Projectile_Slug.obj
         .\Debug/Raven_Projectile.obj
         .\Debug/BaseGameEntity.obj
         .\Debug/Raven_Scriptor.obj
         .\Debug/EntityManager.obj
         .\Debug/GraveMarkers.obj
         .\Debug/Raven_Door.obj
         .\Debug/Raven_UserOptions.obj
         .\Debug/Raven_Goal_Types.obj
         .\Debug/Goal_AdjustRange.obj
         .\Debug/Goal_AttackTarget.obj
         .\Debug/Goal_Explore.obj
         .\Debug/Goal_FollowPath.obj
         .\Debug/Goal_GetItem.obj
         .\Debug/Goal_HuntTarget.obj
         .\Debug/Goal_MoveToPosition.obj
         .\Debug/Goal_NegotiateDoor.obj
         .\Debug/Goal_Think.obj
         .\Debug/AttackTargetGoal_Evaluator.obj
         .\Debug/ExploreGoal_Evaluator.obj
         .\Debug/GetHealthGoal_Evaluator.obj
         .\Debug/GetWeaponGoal_Evaluator.obj
         .\Debug/Raven_Feature.obj
         .\Debug/Goal_DodgeSideToSide.obj
         .\Debug/Goal_SayPhrase.obj
         .\Debug/Goal_SeekToPosition.obj
         .\Debug/Goal_TraverseEdge.obj
         .\Debug/Goal_Wander.obj
         .\Debug/FuzzyModule.obj
         .\Debug/FuzzyOperators.obj
         .\Debug/FuzzyVariable.obj
         .\Debug/FuzzySet_LeftShoulder.obj
         .\Debug/FuzzySet_RightShoulder.obj
         .\Debug/FuzzySet_Singleton.obj
         .\Debug/FuzzySet_Triangle.obj
         .\Debug/Raven_PathPlanner.obj
         .\Debug/Raven_SteeringBehaviors.obj
         .\Debug/MessageDispatcher.obj
         .\Debug/Raven_SensoryMemory.obj
         .\Debug/Trigger_HealthGiver.obj
         .\Debug/Trigger_SoundNotify.obj
         .\Debug/Trigger_WeaponGiver.obj
         .\Debug/Raven_WeaponSystem.obj
         .\Debug/Raven_TargetingSystem.obj
         .\Debug/Cgdi.obj
         .\Debug/CrudeTimer.obj
         .\Debug/DebugConsole.obj
         .\Debug/FrameCounter.obj
         .\Debug/PrecisionTimer.obj
         .\Debug/Vector2d.obj
         .\Debug/WindowUtils.obj
         Raven.vcxproj -> C:\Users\patsi_000\Documents\GitHub\Phenomene-Raven\TP3\Raven\.\Debug\Raven.exe
       BscMake:
         C:\Program Files (x86)\Microsoft Visual Studio 12.0\VC\bin\bscmake.exe /nologo /o".\Debug/Raven.bsc" .\Debug\Goal_FollowDodge.sbr .\Debug\main.sbr .\Debug\Raven_Bot.sbr .\Debug\Raven_Bot_Team.sbr .\Debug\Raven_Game.sbr .\Debug\Raven_Map.sbr .\Debug\Raven_Weapon.sbr .\Debug\Weapon_Blaster.sbr .\Debug\Weapon_RailGun.sbr .\Debug\Weapon_RocketLauncher.sbr .\Debug\Weapon_ShotGun.sbr .\Debug\Projectile_Bolt.sbr .\Debug\Projectile_Pellet.sbr .\Debug\Projectile_Rocket.sbr .\Debug\Projectile_Slug.sbr .\Debug\Raven_Projectile.sbr .\Debug\BaseGameEntity.sbr .\Debug\Raven_Scriptor.sbr .\Debug\EntityManager.sbr .\Debug\GraveMarkers.sbr .\Debug\Raven_Door.sbr .\Debug\Raven_UserOptions.sbr .\Debug\Raven_Goal_Types.sbr .\Debug\Goal_AdjustRange.sbr .\Debug\Goal_AttackTarget.sbr .\Debug\Goal_Explore.sbr .\Debug\Goal_FollowPath.sbr .\Debug\Goal_GetItem.sbr .\Debug\Goal_HuntTarget.sbr .\Debug\Goal_MoveToPosition.sbr .\Debug\Goal_NegotiateDoor.sbr .\Debug\Goal_Think.sbr .\Debug\AttackTargetGoal_Evaluator.sbr .\Debug\ExploreGoal_Evaluator.sbr .\Debug\GetHealthGoal_Evaluator.sbr .\Debug\GetWeaponGoal_Evaluator.sbr .\Debug\Raven_Feature.sbr .\Debug\Goal_DodgeSideToSide.sbr .\Debug\Goal_SayPhrase.sbr .\Debug\Goal_SeekToPosition.sbr .\Debug\Goal_TraverseEdge.sbr .\Debug\Goal_Wander.sbr .\Debug\FuzzyModule.sbr .\Debug\FuzzyOperators.sbr .\Debug\FuzzyVariable.sbr .\Debug\FuzzySet_LeftShoulder.sbr .\Debug\FuzzySet_RightShoulder.sbr .\Debug\FuzzySet_Singleton.sbr .\Debug\FuzzySet_Triangle.sbr .\Debug\Raven_PathPlanner.sbr .\Debug\Raven_SteeringBehaviors.sbr .\Debug\MessageDispatcher.sbr .\Debug\Raven_SensoryMemory.sbr .\Debug\Trigger_HealthGiver.sbr .\Debug\Trigger_SoundNotify.sbr .\Debug\Trigger_WeaponGiver.sbr .\Debug\Raven_WeaponSystem.sbr .\Debug\Raven_TargetingSystem.sbr .\Debug\Cgdi.sbr .\Debug\CrudeTimer.sbr .\Debug\DebugConsole.sbr .\Debug\FrameCounter.sbr .\Debug\PrecisionTimer.sbr .\Debug\Vector2d.sbr .\Debug\WindowUtils.sbr
     1>Génération du projet "C:\Users\patsi_000\Documents\GitHub\Phenomene-Raven\TP3\Raven\Raven.vcxproj" terminée (Build cible(s)).

La génération a réussi.

Temps écoulé 00:00:06.51
